17:33:17 **** Incremental Build of configuration Debug for project car1_1 ****
make -j32 all 
arm-none-eabi-gcc "../Core/Src/main.c" -mcpu=cortex-m3 -std=gnu11 -g3 -DDEBUG -DUSE_HAL_DRIVER -DSTM32F103xE -c -I../Core/Inc -I../Drivers/STM32F1xx_HAL_Driver/Inc/Legacy -I../Drivers/STM32F1xx_HAL_Driver/Inc -I../Drivers/CMSIS/Device/ST/STM32F1xx/Include -I../Drivers/CMSIS/Include -O0 -ffunction-sections -fdata-sections -Wall -fstack-usage -fcyclomatic-complexity -MMD -MP -MF"Core/Src/main.d" -MT"Core/Src/main.o" --specs=nano.specs -mfloat-abi=soft -mthumb -o "Core/Src/main.o"
arm-none-eabi-gcc "../Core/Src/mode1.c" -mcpu=cortex-m3 -std=gnu11 -g3 -DDEBUG -DUSE_HAL_DRIVER -DSTM32F103xE -c -I../Core/Inc -I../Drivers/STM32F1xx_HAL_Driver/Inc/Legacy -I../Drivers/STM32F1xx_HAL_Driver/Inc -I../Drivers/CMSIS/Device/ST/STM32F1xx/Include -I../Drivers/CMSIS/Include -O0 -ffunction-sections -fdata-sections -Wall -fstack-usage -fcyclomatic-complexity -MMD -MP -MF"Core/Src/mode1.d" -MT"Core/Src/mode1.o" --specs=nano.specs -mfloat-abi=soft -mthumb -o "Core/Src/mode1.o"
../Core/Src/main.c: In function 'main':
../Core/Src/main.c:127:25: warning: implicit declaration of function 'mode1_loop' [-Wimplicit-function-declaration]
  127 |                         mode1_loop(); // 路径规划模式
      |                         ^~~~~~~~~~
../Core/Src/main.c:130:25: warning: implicit declaration of function 'mode2_loop' [-Wimplicit-function-declaration]
  130 |                         mode2_loop(); // 红外跟踪模式
      |                         ^~~~~~~~~~
../Core/Src/main.c:133:25: warning: implicit declaration of function 'stop_motors' [-Wimplicit-function-declaration]
  133 |                         stop_motors();
      |                         ^~~~~~~~~~~
../Core/Src/mode1.c: In function 'mode1_loop':
../Core/Src/mode1.c:28:17: warning: implicit declaration of function 'turn_in_place' [-Wimplicit-function-declaration]
   28 |                 turn_in_place(180.0);
      |                 ^~~~~~~~~~~~~
../Core/Src/mode1.c:48:9: warning: implicit declaration of function 'forward_with_length' [-Wimplicit-function-declaration]
   48 |         forward_with_length(length);
      |         ^~~~~~~~~~~~~~~~~~~
arm-none-eabi-gcc -o "car1_1.elf" @"objects.list"   -mcpu=cortex-m3 -T"C:\Users\xueye\Desktop\2025年秋季\微机\CS301-Project\car1_1\STM32F103RCTX_FLASH.ld" --specs=nosys.specs -Wl,-Map="car1_1.map" -Wl,--gc-sections -static --specs=nano.specs -mfloat-abi=soft -mthumb -Wl,--start-group -lc -lm -Wl,--end-group
Finished building target: car1_1.elf
 
arm-none-eabi-size  car1_1.elf 
arm-none-eabi-objdump -h -S car1_1.elf  > "car1_1.list"
arm-none-eabi-objcopy  -O ihex car1_1.elf  "car1_1.hex"
   text	   data	    bss	    dec	    hex	filename
  22300	     92	   2060	  24452	   5f84	car1_1.elf
arm-none-eabi-objcopy  -O binary car1_1.elf  "car1_1.bin"
Finished building: default.size.stdout
 
Finished building: car1_1.bin
Finished building: car1_1.hex
 
 
Finished building: car1_1.list
 

17:33:21 Build Finished. 0 errors, 5 warnings. (took 3s.801ms)

